Determining if the pthread_create exist failed with the following output:
Change Dir: /home/shay/CLionProjects/Ex2-shay/cmake-build-debug/CMakeFiles/CMakeTmp

Run Build Command:"/usr/bin/make" "cmTC_07c50/fast"
make[1]: Entering directory '/home/shay/CLionProjects/Ex2-shay/cmake-build-debug/CMakeFiles/CMakeTmp'
/usr/bin/make -f CMakeFiles/cmTC_07c50.dir/build.make CMakeFiles/cmTC_07c50.dir/build
make[2]: Entering directory '/home/shay/CLionProjects/Ex2-shay/cmake-build-debug/CMakeFiles/CMakeTmp'
Building C object CMakeFiles/cmTC_07c50.dir/CheckSymbolExists.c.o
/usr/bin/cc    -o CMakeFiles/cmTC_07c50.dir/CheckSymbolExists.c.o   -c /home/shay/CLionProjects/Ex2-shay/cmake-build-debug/CMakeFiles/CMakeTmp/CheckSymbolExists.c
Linking C executable cmTC_07c50
/home/shay/clion-2017.2.3/bin/cmake/bin/cmake -E cmake_link_script CMakeFiles/cmTC_07c50.dir/link.txt --verbose=1
/usr/bin/cc      -rdynamic CMakeFiles/cmTC_07c50.dir/CheckSymbolExists.c.o  -o cmTC_07c50 
CMakeFiles/cmTC_07c50.dir/CheckSymbolExists.c.o: In function `main':
CheckSymbolExists.c:(.text+0x1b): undefined reference to `pthread_create'
collect2: error: ld returned 1 exit status
CMakeFiles/cmTC_07c50.dir/build.make:97: recipe for target 'cmTC_07c50' failed
make[2]: *** [cmTC_07c50] Error 1
make[2]: Leaving directory '/home/shay/CLionProjects/Ex2-shay/cmake-build-debug/CMakeFiles/CMakeTmp'
Makefile:126: recipe for target 'cmTC_07c50/fast' failed
make[1]: *** [cmTC_07c50/fast] Error 2
make[1]: Leaving directory '/home/shay/CLionProjects/Ex2-shay/cmake-build-debug/CMakeFiles/CMakeTmp'

File /home/shay/CLionProjects/Ex2-shay/cmake-build-debug/CMakeFiles/CMakeTmp/CheckSymbolExists.c:
/* */
#include <pthread.h>

int main(int argc, char** argv)
{
  (void)argv;
#ifndef pthread_create
  return ((int*)(&pthread_create))[argc];
#else
  (void)argc;
  return 0;
#endif
}

